
running 0 tests

test result: ok. 0 passed; 0 failed; 0 ignored; 0 measured; 0 filtered out; finished in 0.00s


running 1 test
test wrkspc_test ... ok

test result: ok. 1 passed; 0 failed; 0 ignored; 0 measured; 0 filtered out; finished in 0.00s


running 0 tests

test result: ok. 0 passed; 0 failed; 0 ignored; 0 measured; 0 filtered out; finished in 0.00s


running 1 test
test wrkspc_test ... ok

test result: ok. 1 passed; 0 failed; 0 ignored; 0 measured; 0 filtered out; finished in 0.00s


running 0 tests

test result: ok. 0 passed; 0 failed; 0 ignored; 0 measured; 0 filtered out; finished in 0.00s


running 1 test
tests/expand/attribute.rs - ok
tests/expand/derive.rs - ok
tests/expand/macro.rs - ok
test pass ... ok

test result: ok. 1 passed; 0 failed; 0 ignored; 0 measured; 0 filtered out; finished in 2.73s


running 0 tests

test result: ok. 0 passed; 0 failed; 0 ignored; 0 measured; 0 filtered out; finished in 0.00s


running 0 tests

test result: ok. 0 passed; 0 failed; 0 ignored; 0 measured; 0 filtered out; finished in 0.00s


running 4 tests
test pass ... FAILED
test fail_expect_expanded - should panic ... ok
test pr61 ... FAILED
test pass_expect_expanded ... FAILED

failures:

---- pass stdout ----
Running 4 macro expansion tests
Expansion error:
warning: `/home/hedge/src/macrotest/test-virtual/target/tests/wrkspc-test/macrotest000/.cargo/config` is deprecated in favor of `config.toml`
note: if you need to support cargo 1.38 or earlier, you can symlink `config` to `config.toml`
error: failed to parse manifest at `/home/hedge/src/macrotest/test-virtual/target/tests/wrkspc-test/macrotest000/Cargo.toml`
Caused by:
  error inheriting `inventory` from workspace root manifest's `workspace.dependencies.inventory`
Caused by:
  `workspace.dependencies` was not defined

Expansion error:
warning: `/home/hedge/src/macrotest/test-virtual/target/tests/wrkspc-test/macrotest000/.cargo/config` is deprecated in favor of `config.toml`
note: if you need to support cargo 1.38 or earlier, you can symlink `config` to `config.toml`
error: failed to parse manifest at `/home/hedge/src/macrotest/test-virtual/target/tests/wrkspc-test/macrotest000/Cargo.toml`
Caused by:
  error inheriting `inventory` from workspace root manifest's `workspace.dependencies.inventory`
Caused by:
  `workspace.dependencies` was not defined

Expansion error:
warning: `/home/hedge/src/macrotest/test-virtual/target/tests/wrkspc-test/macrotest000/.cargo/config` is deprecated in favor of `config.toml`
note: if you need to support cargo 1.38 or earlier, you can symlink `config` to `config.toml`
error: failed to parse manifest at `/home/hedge/src/macrotest/test-virtual/target/tests/wrkspc-test/macrotest000/Cargo.toml`
Caused by:
  error inheriting `inventory` from workspace root manifest's `workspace.dependencies.inventory`
Caused by:
  `workspace.dependencies` was not defined

Expansion error:
warning: `/home/hedge/src/macrotest/test-virtual/target/tests/wrkspc-test/macrotest000/.cargo/config` is deprecated in favor of `config.toml`
note: if you need to support cargo 1.38 or earlier, you can symlink `config` to `config.toml`
error: failed to parse manifest at `/home/hedge/src/macrotest/test-virtual/target/tests/wrkspc-test/macrotest000/Cargo.toml`
Caused by:
  error inheriting `inventory` from workspace root manifest's `workspace.dependencies.inventory`
Caused by:
  `workspace.dependencies` was not defined




thread 'pass' panicked at /home/hedge/src/macrotest/src/expand.rs:173:9:
4 of 4 tests failed
note: run with `RUST_BACKTRACE=1` environment variable to display a backtrace

---- pr61 stdout ----
Running 2 macro expansion tests
Expansion error:
warning: `/home/hedge/src/macrotest/test-virtual/target/tests/wrkspc-test/macrotest003/.cargo/config` is deprecated in favor of `config.toml`
note: if you need to support cargo 1.38 or earlier, you can symlink `config` to `config.toml`
error: failed to parse manifest at `/home/hedge/src/macrotest/test-virtual/target/tests/wrkspc-test/macrotest003/Cargo.toml`
Caused by:
  error inheriting `inventory` from workspace root manifest's `workspace.dependencies.inventory`
Caused by:
  `workspace.dependencies` was not defined

Expansion error:
warning: `/home/hedge/src/macrotest/test-virtual/target/tests/wrkspc-test/macrotest003/.cargo/config` is deprecated in favor of `config.toml`
note: if you need to support cargo 1.38 or earlier, you can symlink `config` to `config.toml`
error: failed to parse manifest at `/home/hedge/src/macrotest/test-virtual/target/tests/wrkspc-test/macrotest003/Cargo.toml`
Caused by:
  error inheriting `inventory` from workspace root manifest's `workspace.dependencies.inventory`
Caused by:
  `workspace.dependencies` was not defined




thread 'pr61' panicked at /home/hedge/src/macrotest/src/expand.rs:173:9:
2 of 2 tests failed

---- pass_expect_expanded stdout ----
Running 4 macro expansion tests
Expansion error:
warning: `/home/hedge/src/macrotest/test-virtual/target/tests/wrkspc-test/macrotest002/.cargo/config` is deprecated in favor of `config.toml`
note: if you need to support cargo 1.38 or earlier, you can symlink `config` to `config.toml`
error: failed to parse manifest at `/home/hedge/src/macrotest/test-virtual/target/tests/wrkspc-test/macrotest002/Cargo.toml`
Caused by:
  error inheriting `inventory` from workspace root manifest's `workspace.dependencies.inventory`
Caused by:
  `workspace.dependencies` was not defined

Expansion error:
warning: `/home/hedge/src/macrotest/test-virtual/target/tests/wrkspc-test/macrotest002/.cargo/config` is deprecated in favor of `config.toml`
note: if you need to support cargo 1.38 or earlier, you can symlink `config` to `config.toml`
error: failed to parse manifest at `/home/hedge/src/macrotest/test-virtual/target/tests/wrkspc-test/macrotest002/Cargo.toml`
Caused by:
  error inheriting `inventory` from workspace root manifest's `workspace.dependencies.inventory`
Caused by:
  `workspace.dependencies` was not defined

Expansion error:
warning: `/home/hedge/src/macrotest/test-virtual/target/tests/wrkspc-test/macrotest002/.cargo/config` is deprecated in favor of `config.toml`
note: if you need to support cargo 1.38 or earlier, you can symlink `config` to `config.toml`
error: failed to parse manifest at `/home/hedge/src/macrotest/test-virtual/target/tests/wrkspc-test/macrotest002/Cargo.toml`
Caused by:
  error inheriting `inventory` from workspace root manifest's `workspace.dependencies.inventory`
Caused by:
  `workspace.dependencies` was not defined

Expansion error:
warning: `/home/hedge/src/macrotest/test-virtual/target/tests/wrkspc-test/macrotest002/.cargo/config` is deprecated in favor of `config.toml`
note: if you need to support cargo 1.38 or earlier, you can symlink `config` to `config.toml`
error: failed to parse manifest at `/home/hedge/src/macrotest/test-virtual/target/tests/wrkspc-test/macrotest002/Cargo.toml`
Caused by:
  error inheriting `inventory` from workspace root manifest's `workspace.dependencies.inventory`
Caused by:
  `workspace.dependencies` was not defined




thread 'pass_expect_expanded' panicked at /home/hedge/src/macrotest/src/expand.rs:173:9:
4 of 4 tests failed


failures:
    pass
    pass_expect_expanded
    pr61

test result: FAILED. 1 passed; 3 failed; 0 ignored; 0 measured; 0 filtered out; finished in 5.74s

