
running 0 tests

test result: ok. 0 passed; 0 failed; 0 ignored; 0 measured; 0 filtered out; finished in 0.01s


running 0 tests

test result: ok. 0 passed; 0 failed; 0 ignored; 0 measured; 0 filtered out; finished in 0.00s

Setup
Running basic test
Running 1 macro expansion tests
Running feature test
Teardown

running 0 tests

test result: ok. 0 passed; 0 failed; 0 ignored; 0 measured; 0 filtered out; finished in 0.00s


running 4 tests
test pass ... FAILED
test fail_expect_expanded - should panic ... ok
test pr61 ... FAILED
test pass_expect_expanded ... FAILED

failures:

---- pass stdout ----
Running 4 macro expansion tests
tests/expand/first.rs - different!
Diff [lines: 1 added, 1 removed]:
--------------------------
 #[macro_use]
 extern crate test_project;
 pub fn main() {
+    Vec::new();
-    ();
 }
 
--------------------------
tests/expand/fourth.rs - different!
Diff [lines: 7 added, 1 removed]:
--------------------------
 #[macro_use]
 extern crate test_project;
 pub fn main() {
+    {
+        let mut temp_vec = Vec::new();
+        temp_vec.push(1);
+        temp_vec.push(2);
+        temp_vec.push(3);
+        temp_vec
+    };
-    ();
 }
 
--------------------------
tests/expand/second.rs - different!
Diff [lines: 5 added, 1 removed]:
--------------------------
 #[macro_use]
 extern crate test_project;
 pub fn main() {
+    {
+        let mut temp_vec = Vec::new();
+        temp_vec.push(1);
+        temp_vec
+    };
-    ();
 }
 
--------------------------
tests/expand/third.rs - different!
Diff [lines: 6 added, 1 removed]:
--------------------------
 #[macro_use]
 extern crate test_project;
 pub fn main() {
+    {
+        let mut temp_vec = Vec::new();
+        temp_vec.push(1);
+        temp_vec.push(2);
+        temp_vec
+    };
-    ();
 }
 
--------------------------



thread 'pass' panicked at /home/hedge/src/macrotest/src/expand.rs:173:9:
4 of 4 tests failed
note: run with `RUST_BACKTRACE=1` environment variable to display a backtrace

---- pr61 stdout ----
Running 2 macro expansion tests
tests/pr61/a/test.rs - different!
Diff [lines: 1 added, 1 removed]:
--------------------------
 #[macro_use]
 extern crate test_virtual;
 pub fn main() {
+    Vec::new();
-    ();
 }
 
--------------------------
tests/pr61/b/test.rs - different!
Diff [lines: 1 added, 1 removed]:
--------------------------
 #[macro_use]
 extern crate test_virtual;
 pub fn main() {
+    Vec::new();
-    ();
 }
 
--------------------------



thread 'pr61' panicked at /home/hedge/src/macrotest/src/expand.rs:173:9:
2 of 2 tests failed

---- pass_expect_expanded stdout ----
Running 4 macro expansion tests
tests/expand/first.rs - different!
Diff [lines: 1 added, 1 removed]:
--------------------------
 #[macro_use]
 extern crate test_project;
 pub fn main() {
+    Vec::new();
-    ();
 }
 
--------------------------
tests/expand/fourth.rs - different!
Diff [lines: 7 added, 1 removed]:
--------------------------
 #[macro_use]
 extern crate test_project;
 pub fn main() {
+    {
+        let mut temp_vec = Vec::new();
+        temp_vec.push(1);
+        temp_vec.push(2);
+        temp_vec.push(3);
+        temp_vec
+    };
-    ();
 }
 
--------------------------
tests/expand/second.rs - different!
Diff [lines: 5 added, 1 removed]:
--------------------------
 #[macro_use]
 extern crate test_project;
 pub fn main() {
+    {
+        let mut temp_vec = Vec::new();
+        temp_vec.push(1);
+        temp_vec
+    };
-    ();
 }
 
--------------------------
tests/expand/third.rs - different!
Diff [lines: 6 added, 1 removed]:
--------------------------
 #[macro_use]
 extern crate test_project;
 pub fn main() {
+    {
+        let mut temp_vec = Vec::new();
+        temp_vec.push(1);
+        temp_vec.push(2);
+        temp_vec
+    };
-    ();
 }
 
--------------------------



thread 'pass_expect_expanded' panicked at /home/hedge/src/macrotest/src/expand.rs:173:9:
4 of 4 tests failed


failures:
    pass
    pass_expect_expanded
    pr61

test result: FAILED. 1 passed; 3 failed; 0 ignored; 0 measured; 0 filtered out; finished in 11.20s

